This file contains any messages produced by compilers while
running configure, to aid debugging if configure makes a mistake.

It was created by configure, which was
generated by GNU Autoconf 2.69.  Invocation command line was

  $ ./configure --enable-openssl --enable-sockets --enable-mysqlnd --enable-http2

## --------- ##
## Platform. ##
## --------- ##

hostname = htf-ThinkPad-T470p
uname -m = x86_64
uname -r = 4.15.0-118-generic
uname -s = Linux
uname -v = #119-Ubuntu SMP Tue Sep 8 12:30:01 UTC 2020

/usr/bin/uname -p = unknown
/bin/uname -X     = unknown

/bin/arch              = unknown
/usr/bin/arch -k       = unknown
/usr/convex/getsysinfo = unknown
/usr/bin/hostinfo      = unknown
/bin/machine           = unknown
/usr/bin/oslevel       = unknown
/bin/universe          = unknown

PATH: /home/htf/phpx/bin
PATH: /home/htf/soft/node-v10.15.1-linux-x64/bin
PATH: /home/htf/soft/flutter/bin
PATH: /home/htf/bin
PATH: /home/htf/.local/bin
PATH: /usr/local/sbin
PATH: /usr/local/bin
PATH: /usr/sbin
PATH: /usr/bin
PATH: /sbin
PATH: /bin
PATH: /usr/games
PATH: /usr/local/games
PATH: /snap/bin
PATH: /home/htf/.dotnet/tools


## ----------- ##
## Core tests. ##
## ----------- ##

configure:2656: checking for grep that handles long lines and -e
configure:2714: result: /bin/grep
configure:2719: checking for egrep
configure:2781: result: /bin/grep -E
configure:2786: checking for a sed that does not truncate output
configure:2850: result: /bin/sed
configure:2989: checking for pkg-config
configure:3007: found /usr/bin/pkg-config
configure:3019: result: /usr/bin/pkg-config
configure:3044: checking pkg-config is at least version 0.9.0
configure:3047: result: yes
configure:3109: checking for cc
configure:3125: found /usr/bin/cc
configure:3136: result: cc
configure:3167: checking for C compiler version
configure:3176: cc --version >&5
cc (Ubuntu 7.5.0-3ubuntu1~18.04) 7.5.0
Copyright (C) 2017 Free Software Foundation, Inc.
This is free software; see the source for copying conditions.  There is NO
warranty; not even for MERCHANTABILITY or FITNESS FOR A PARTICULAR PURPOSE.

configure:3187: $? = 0
configure:3176: cc -v >&5
Using built-in specs.
COLLECT_GCC=cc
COLLECT_LTO_WRAPPER=/usr/lib/gcc/x86_64-linux-gnu/7/lto-wrapper
OFFLOAD_TARGET_NAMES=nvptx-none
OFFLOAD_TARGET_DEFAULT=1
Target: x86_64-linux-gnu
Configured with: ../src/configure -v --with-pkgversion='Ubuntu 7.5.0-3ubuntu1~18.04' --with-bugurl=file:///usr/share/doc/gcc-7/README.Bugs --enable-languages=c,ada,c++,go,brig,d,fortran,objc,obj-c++ --prefix=/usr --with-gcc-major-version-only --program-suffix=-7 --program-prefix=x86_64-linux-gnu- --enable-shared --enable-linker-build-id --libexecdir=/usr/lib --without-included-gettext --enable-threads=posix --libdir=/usr/lib --enable-nls --enable-bootstrap --enable-clocale=gnu --enable-libstdcxx-debug --enable-libstdcxx-time=yes --with-default-libstdcxx-abi=new --enable-gnu-unique-object --disable-vtable-verify --enable-libmpx --enable-plugin --enable-default-pie --with-system-zlib --with-target-system-zlib --enable-objc-gc=auto --enable-multiarch --disable-werror --with-arch-32=i686 --with-abi=m64 --with-multilib-list=m32,m64,mx32 --enable-multilib --with-tune=generic --enable-offload-targets=nvptx-none --without-cuda-driver --enable-checking=release --build=x86_64-linux-gnu --host=x86_64-linux-gnu --target=x86_64-linux-gnu
Thread model: posix
gcc version 7.5.0 (Ubuntu 7.5.0-3ubuntu1~18.04) 
configure:3187: $? = 0
configure:3176: cc -V >&5
cc: error: unrecognized command line option '-V'
cc: fatal error: no input files
compilation terminated.
configure:3187: $? = 1
configure:3176: cc -qversion >&5
cc: error: unrecognized command line option '-qversion'; did you mean '--version'?
cc: fatal error: no input files
compilation terminated.
configure:3187: $? = 1
configure:3207: checking whether the C compiler works
configure:3229: cc    conftest.c  >&5
configure:3233: $? = 0
configure:3281: result: yes
configure:3284: checking for C compiler default output file name
configure:3286: result: a.out
configure:3292: checking for suffix of executables
configure:3299: cc -o conftest    conftest.c  >&5
configure:3303: $? = 0
configure:3325: result: 
configure:3347: checking whether we are cross compiling
configure:3355: cc -o conftest    conftest.c  >&5
configure:3359: $? = 0
configure:3366: ./conftest
configure:3370: $? = 0
configure:3385: result: no
configure:3390: checking for suffix of object files
configure:3412: cc -c   conftest.c >&5
configure:3416: $? = 0
configure:3437: result: o
configure:3441: checking whether we are using the GNU C compiler
configure:3460: cc -c   conftest.c >&5
configure:3460: $? = 0
configure:3469: result: yes
configure:3478: checking whether cc accepts -g
configure:3498: cc -c -g  conftest.c >&5
configure:3498: $? = 0
configure:3539: result: yes
configure:3556: checking for cc option to accept ISO C89
configure:3619: cc  -c -g -O2  conftest.c >&5
configure:3619: $? = 0
configure:3632: result: none needed
configure:3658: checking how to run the C preprocessor
configure:3689: cc -E  conftest.c
configure:3689: $? = 0
configure:3703: cc -E  conftest.c
conftest.c:9:10: fatal error: ac_nonexistent.h: No such file or directory
 #include <ac_nonexistent.h>
          ^~~~~~~~~~~~~~~~~~
compilation terminated.
configure:3703: $? = 1
configure: failed program was:
| /* confdefs.h */
| #define PACKAGE_NAME ""
| #define PACKAGE_TARNAME ""
| #define PACKAGE_VERSION ""
| #define PACKAGE_STRING ""
| #define PACKAGE_BUGREPORT ""
| #define PACKAGE_URL ""
| /* end confdefs.h.  */
| #include <ac_nonexistent.h>
configure:3728: result: cc -E
configure:3748: cc -E  conftest.c
configure:3748: $? = 0
configure:3762: cc -E  conftest.c
conftest.c:9:10: fatal error: ac_nonexistent.h: No such file or directory
 #include <ac_nonexistent.h>
          ^~~~~~~~~~~~~~~~~~
compilation terminated.
configure:3762: $? = 1
configure: failed program was:
| /* confdefs.h */
| #define PACKAGE_NAME ""
| #define PACKAGE_TARNAME ""
| #define PACKAGE_VERSION ""
| #define PACKAGE_STRING ""
| #define PACKAGE_BUGREPORT ""
| #define PACKAGE_URL ""
| /* end confdefs.h.  */
| #include <ac_nonexistent.h>
configure:3793: checking for icc
configure:3802: result: no
configure:3816: checking for suncc
configure:3825: result: no
configure:3843: checking for system library directory
configure:3858: result: lib
configure:3865: checking if compiler supports -R
configure:3884: cc -o conftest -g -O2   conftest.c -R /usr/lib  >&5
cc: error: unrecognized command line option '-R'
configure:3884: $? = 1
configure: failed program was:
| /* confdefs.h */
| #define PACKAGE_NAME ""
| #define PACKAGE_TARNAME ""
| #define PACKAGE_VERSION ""
| #define PACKAGE_STRING ""
| #define PACKAGE_BUGREPORT ""
| #define PACKAGE_URL ""
| /* end confdefs.h.  */
| 
| int
| main ()
| {
| 
|   ;
|   return 0;
| }
configure:3894: result: no
configure:3899: checking if compiler supports -Wl,-rpath,
configure:3918: cc -o conftest -g -O2   conftest.c -Wl,-rpath,/usr/lib  >&5
configure:3918: $? = 0
configure:3928: result: yes
configure:3944: checking build system type
configure:3958: result: x86_64-pc-linux-gnu
configure:3978: checking host system type
configure:3991: result: x86_64-pc-linux-gnu
configure:4011: checking target system type
configure:4024: result: x86_64-pc-linux-gnu
configure:4127: checking for PHP prefix
configure:4129: result: /opt/php-7.4
configure:4131: checking for PHP includes
configure:4133: result: -I/opt/php-7.4/include/php -I/opt/php-7.4/include/php/main -I/opt/php-7.4/include/php/TSRM -I/opt/php-7.4/include/php/Zend -I/opt/php-7.4/include/php/ext -I/opt/php-7.4/include/php/ext/date/lib
configure:4135: checking for PHP extension directory
configure:4137: result: /opt/php-7.4/lib/php/extensions/debug-non-zts-20190902
configure:4139: checking for PHP installed headers prefix
configure:4141: result: /opt/php-7.4/include/php
configure:4144: checking if debug is enabled
configure:4170: result: yes
configure:4173: checking if zts is enabled
configure:4199: result: no
configure:4267: checking for gawk
configure:4284: found /usr/bin/gawk
configure:4295: result: gawk
configure:4340: checking enable debug log
configure:4354: result: no
configure:4363: checking enable trace log
configure:4377: result: no
configure:4386: checking enable sockets support
configure:4400: result: yes
configure:4409: checking enable openssl support
configure:4423: result: yes
configure:4432: checking enable http2.0 support
configure:4446: result: yes
configure:4455: checking swoole support
configure:4494: result: yes, shared
configure:4503: checking enable mysqlnd support
configure:4517: result: yes
configure:4526: checking dir of openssl
configure:4541: result: no
configure:4550: checking dir of jemalloc
configure:4565: result: no
configure:4574: checking enable asan
configure:4588: result: no
configure:4597: checking whether to enable swoole coverage support
configure:4611: result: no
configure:4620: checking whether to enable Swoole developer build flags
configure:4634: result: no
configure:4654: checking if compiling with clang
configure:4672: cc -c -g  -O0  conftest.c >&5
conftest.c: In function 'main':
conftest.c:16:13: error: unknown type name 'not'
             not clang
             ^~~
configure:4672: $? = 1
configure: failed program was:
| /* confdefs.h */
| #define PACKAGE_NAME ""
| #define PACKAGE_TARNAME ""
| #define PACKAGE_VERSION ""
| #define PACKAGE_STRING ""
| #define PACKAGE_BUGREPORT ""
| #define PACKAGE_URL ""
| /* end confdefs.h.  */
| 
| 
| int
| main ()
| {
| 
|         #ifndef __clang__
|             not clang
|         #endif
| 
|   ;
|   return 0;
| }
configure:4679: result: no
configure:4690: checking for accept4 in -lc
configure:4715: cc -o conftest -g  -O0   conftest.c -lc   >&5
configure:4715: $? = 0
configure:4724: result: yes
configure:4732: checking for signalfd in -lc
configure:4757: cc -o conftest -g  -O0   conftest.c -lc   >&5
configure:4757: $? = 0
configure:4766: result: yes
configure:4774: checking for eventfd in -lc
configure:4799: cc -o conftest -g  -O0   conftest.c -lc   >&5
configure:4799: $? = 0
configure:4808: result: yes
configure:4816: checking for epoll_create in -lc
configure:4841: cc -o conftest -g  -O0   conftest.c -lc   >&5
configure:4841: $? = 0
configure:4850: result: yes
configure:4858: checking for poll in -lc
configure:4883: cc -o conftest -g  -O0   conftest.c -lc   >&5
configure:4883: $? = 0
configure:4892: result: yes
configure:4900: checking for sendfile in -lc
configure:4925: cc -o conftest -g  -O0   conftest.c -lc   >&5
configure:4925: $? = 0
configure:4934: result: yes
configure:4942: checking for kqueue in -lc
configure:4967: cc -o conftest -g  -O0   conftest.c -lc   >&5
/tmp/ccGtVmw8.o: In function `main':
/home/htf/workspace/swoole/ext-src/conftest.c:26: undefined reference to `kqueue'
collect2: error: ld returned 1 exit status
configure:4967: $? = 1
configure: failed program was:
| /* confdefs.h */
| #define PACKAGE_NAME ""
| #define PACKAGE_TARNAME ""
| #define PACKAGE_VERSION ""
| #define PACKAGE_STRING ""
| #define PACKAGE_BUGREPORT ""
| #define PACKAGE_URL ""
| #define HAVE_ACCEPT4 1
| #define HAVE_SIGNALFD 1
| #define HAVE_EVENTFD 1
| #define HAVE_EPOLL 1
| #define HAVE_POLL 1
| #define HAVE_SENDFILE 1
| /* end confdefs.h.  */
| 
| /* Override any GCC internal prototype to avoid an error.
|    Use char because int might match the return type of a GCC
|    builtin and then its argument prototype would still apply.  */
| #ifdef __cplusplus
| extern "C"
| #endif
| char kqueue ();
| int
| main ()
| {
| return kqueue ();
|   ;
|   return 0;
| }
configure:4976: result: no
configure:4984: checking for backtrace in -lc
configure:5009: cc -o conftest -g  -O0   conftest.c -lc   >&5
configure:5009: $? = 0
configure:5018: result: yes
configure:5026: checking for daemon in -lc
configure:5051: cc -o conftest -g  -O0   conftest.c -lc   >&5
configure:5051: $? = 0
configure:5060: result: yes
configure:5068: checking for mkostemp in -lc
configure:5093: cc -o conftest -g  -O0   conftest.c -lc   >&5
configure:5093: $? = 0
configure:5102: result: yes
configure:5110: checking for inotify_init in -lc
configure:5135: cc -o conftest -g  -O0   conftest.c -lc   >&5
configure:5135: $? = 0
configure:5144: result: yes
configure:5152: checking for malloc_trim in -lc
configure:5177: cc -o conftest -g  -O0   conftest.c -lc   >&5
configure:5177: $? = 0
configure:5186: result: yes
configure:5194: checking for inotify_init1 in -lc
configure:5219: cc -o conftest -g  -O0   conftest.c -lc   >&5
configure:5219: $? = 0
configure:5228: result: yes
configure:5236: checking for gethostbyname2_r in -lc
configure:5261: cc -o conftest -g  -O0   conftest.c -lc   >&5
configure:5261: $? = 0
configure:5270: result: yes
configure:5278: checking for ptrace in -lc
configure:5303: cc -o conftest -g  -O0   conftest.c -lc   >&5
configure:5303: $? = 0
configure:5312: result: yes
configure:5320: checking for getrandom in -lc
configure:5345: cc -o conftest -g  -O0   conftest.c -lc   >&5
configure:5345: $? = 0
configure:5354: result: yes
configure:5362: checking for pthread_rwlock_init in -lpthread
configure:5387: cc -o conftest -g  -O0   conftest.c -lpthread   >&5
configure:5387: $? = 0
configure:5396: result: yes
configure:5404: checking for pthread_spin_lock in -lpthread
configure:5429: cc -o conftest -g  -O0   conftest.c -lpthread   >&5
configure:5429: $? = 0
configure:5438: result: yes
configure:5446: checking for pthread_mutex_timedlock in -lpthread
configure:5471: cc -o conftest -g  -O0   conftest.c -lpthread   >&5
configure:5471: $? = 0
configure:5480: result: yes
configure:5488: checking for pthread_barrier_init in -lpthread
configure:5513: cc -o conftest -g  -O0   conftest.c -lpthread   >&5
configure:5513: $? = 0
configure:5522: result: yes
configure:5530: checking for pthread_mutexattr_setrobust in -lpthread
configure:5555: cc -o conftest -g  -O0   conftest.c -lpthread   >&5
configure:5555: $? = 0
configure:5564: result: yes
configure:5572: checking for pthread_mutex_consistent in -lpthread
configure:5597: cc -o conftest -g  -O0   conftest.c -lpthread   >&5
configure:5597: $? = 0
configure:5606: result: yes
configure:5614: checking for pcre_compile in -lpcre
configure:5639: cc -o conftest -g  -O0   conftest.c -lpcre   >&5
configure:5639: $? = 0
configure:5648: result: yes
configure:6504: checking for gzgets in -lz
configure:6529: cc -o conftest -g  -O0   conftest.c -lz   >&5
configure:6529: $? = 0
configure:6538: result: yes
configure:6575: checking for BrotliEncoderCreateInstance in -lbrotlienc
configure:6600: cc -o conftest -g  -O0   conftest.c -lbrotlienc   >&5
configure:6600: $? = 0
configure:6609: result: yes
configure:6613: checking for BrotliDecoderCreateInstance in -lbrotlidec
configure:6638: cc -o conftest -g  -O0   conftest.c -lbrotlidec   >&5
configure:6638: $? = 0
configure:6647: result: yes
configure:6753: checking for php_sockets.h
configure:6760: result: ok, found in /opt/php-7.4/include/php
configure:6803: checking for cpu affinity
configure:6827: cc -c -g  -O0  conftest.c >&5
conftest.c: In function 'main':
conftest.c:51:9: warning: implicit declaration of function 'CPU_ZERO'; did you mean '__CPU_ZERO_S'? [-Wimplicit-function-declaration]
         CPU_ZERO(&cpu_set);
         ^~~~~~~~
         __CPU_ZERO_S
configure:6827: $? = 0
configure:6832: result: yes
configure:6844: checking for socket REUSEPORT
configure:6862: cc -c -g  -O0  conftest.c >&5
configure:6862: $? = 0
configure:6867: result: yes
configure:6879: checking for futex
configure:6900: cc -c -g  -O0  conftest.c >&5
configure:6900: $? = 0
configure:6905: result: yes
configure:6917: checking for ucontext
configure:6937: cc -c -g  -O0  conftest.c >&5
configure:6937: $? = 0
configure:6942: result: yes
configure:7011: checking for g++
configure:7027: found /usr/bin/g++
configure:7038: result: g++
configure:7065: checking for C++ compiler version
configure:7074: g++ --version >&5
g++ (Ubuntu 7.5.0-3ubuntu1~18.04) 7.5.0
Copyright (C) 2017 Free Software Foundation, Inc.
This is free software; see the source for copying conditions.  There is NO
warranty; not even for MERCHANTABILITY or FITNESS FOR A PARTICULAR PURPOSE.

configure:7085: $? = 0
configure:7074: g++ -v >&5
Using built-in specs.
COLLECT_GCC=g++
COLLECT_LTO_WRAPPER=/usr/lib/gcc/x86_64-linux-gnu/7/lto-wrapper
OFFLOAD_TARGET_NAMES=nvptx-none
OFFLOAD_TARGET_DEFAULT=1
Target: x86_64-linux-gnu
Configured with: ../src/configure -v --with-pkgversion='Ubuntu 7.5.0-3ubuntu1~18.04' --with-bugurl=file:///usr/share/doc/gcc-7/README.Bugs --enable-languages=c,ada,c++,go,brig,d,fortran,objc,obj-c++ --prefix=/usr --with-gcc-major-version-only --program-suffix=-7 --program-prefix=x86_64-linux-gnu- --enable-shared --enable-linker-build-id --libexecdir=/usr/lib --without-included-gettext --enable-threads=posix --libdir=/usr/lib --enable-nls --enable-bootstrap --enable-clocale=gnu --enable-libstdcxx-debug --enable-libstdcxx-time=yes --with-default-libstdcxx-abi=new --enable-gnu-unique-object --disable-vtable-verify --enable-libmpx --enable-plugin --enable-default-pie --with-system-zlib --with-target-system-zlib --enable-objc-gc=auto --enable-multiarch --disable-werror --with-arch-32=i686 --with-abi=m64 --with-multilib-list=m32,m64,mx32 --enable-multilib --with-tune=generic --enable-offload-targets=nvptx-none --without-cuda-driver --enable-checking=release --build=x86_64-linux-gnu --host=x86_64-linux-gnu --target=x86_64-linux-gnu
Thread model: posix
gcc version 7.5.0 (Ubuntu 7.5.0-3ubuntu1~18.04) 
configure:7085: $? = 0
configure:7074: g++ -V >&5
g++: error: unrecognized command line option '-V'
g++: fatal error: no input files
compilation terminated.
configure:7085: $? = 1
configure:7074: g++ -qversion >&5
g++: error: unrecognized command line option '-qversion'; did you mean '--version'?
g++: fatal error: no input files
compilation terminated.
configure:7085: $? = 1
configure:7089: checking whether we are using the GNU C++ compiler
configure:7108: g++ -c  -g -O0  conftest.cpp >&5
configure:7108: $? = 0
configure:7117: result: yes
configure:7126: checking whether g++ accepts -g
configure:7146: g++ -c -g  conftest.cpp >&5
configure:7146: $? = 0
configure:7187: result: yes
configure:7212: checking for valgrind
configure:7235: g++ -c  -g -O0  conftest.cpp >&5
configure:7235: $? = 0
configure:7240: result: yes
configure:7256: checking how to run the C++ preprocessor
configure:7283: g++ -E  conftest.cpp
configure:7283: $? = 0
configure:7297: g++ -E  conftest.cpp
conftest.cpp:42:10: fatal error: ac_nonexistent.h: No such file or directory
 #include <ac_nonexistent.h>
          ^~~~~~~~~~~~~~~~~~
compilation terminated.
configure:7297: $? = 1
configure: failed program was:
| /* confdefs.h */
| #define PACKAGE_NAME ""
| #define PACKAGE_TARNAME ""
| #define PACKAGE_VERSION ""
| #define PACKAGE_STRING ""
| #define PACKAGE_BUGREPORT ""
| #define PACKAGE_URL ""
| #define HAVE_ACCEPT4 1
| #define HAVE_SIGNALFD 1
| #define HAVE_EVENTFD 1
| #define HAVE_EPOLL 1
| #define HAVE_POLL 1
| #define HAVE_SENDFILE 1
| #define HAVE_EXECINFO 1
| #define HAVE_DAEMON 1
| #define HAVE_MKOSTEMP 1
| #define HAVE_INOTIFY 1
| #define HAVE_MALLOC_TRIM 1
| #define HAVE_INOTIFY_INIT1 1
| #define HAVE_GETHOSTBYNAME2_R 1
| #define HAVE_PTRACE 1
| #define HAVE_GETRANDOM 1
| #define HAVE_RWLOCK 1
| #define HAVE_SPINLOCK 1
| #define HAVE_MUTEX_TIMEDLOCK 1
| #define HAVE_PTHREAD_BARRIER 1
| #define HAVE_PTHREAD_MUTEXATTR_SETROBUST 1
| #define HAVE_PTHREAD_MUTEX_CONSISTENT 1
| #define HAVE_PCRE 1
| #define SW_HAVE_COMPRESSION 1
| #define SW_HAVE_ZLIB 1
| #define SW_HAVE_COMPRESSION 1
| #define SW_HAVE_BROTLI 1
| #define SW_SOCKETS 1
| #define HAVE_SOCKETS 1
| #define HAVE_CPU_AFFINITY 1
| #define HAVE_REUSEPORT 1
| #define HAVE_FUTEX 1
| #define HAVE_UCONTEXT 1
| #define HAVE_VALGRIND 1
| /* end confdefs.h.  */
| #include <ac_nonexistent.h>
configure:7322: result: g++ -E
configure:7342: g++ -E  conftest.cpp
configure:7342: $? = 0
configure:7356: g++ -E  conftest.cpp
conftest.cpp:42:10: fatal error: ac_nonexistent.h: No such file or directory
 #include <ac_nonexistent.h>
          ^~~~~~~~~~~~~~~~~~
compilation terminated.
configure:7356: $? = 1
configure: failed program was:
| /* confdefs.h */
| #define PACKAGE_NAME ""
| #define PACKAGE_TARNAME ""
| #define PACKAGE_VERSION ""
| #define PACKAGE_STRING ""
| #define PACKAGE_BUGREPORT ""
| #define PACKAGE_URL ""
| #define HAVE_ACCEPT4 1
| #define HAVE_SIGNALFD 1
| #define HAVE_EVENTFD 1
| #define HAVE_EPOLL 1
| #define HAVE_POLL 1
| #define HAVE_SENDFILE 1
| #define HAVE_EXECINFO 1
| #define HAVE_DAEMON 1
| #define HAVE_MKOSTEMP 1
| #define HAVE_INOTIFY 1
| #define HAVE_MALLOC_TRIM 1
| #define HAVE_INOTIFY_INIT1 1
| #define HAVE_GETHOSTBYNAME2_R 1
| #define HAVE_PTRACE 1
| #define HAVE_GETRANDOM 1
| #define HAVE_RWLOCK 1
| #define HAVE_SPINLOCK 1
| #define HAVE_MUTEX_TIMEDLOCK 1
| #define HAVE_PTHREAD_BARRIER 1
| #define HAVE_PTHREAD_MUTEXATTR_SETROBUST 1
| #define HAVE_PTHREAD_MUTEX_CONSISTENT 1
| #define HAVE_PCRE 1
| #define SW_HAVE_COMPRESSION 1
| #define SW_HAVE_ZLIB 1
| #define SW_HAVE_COMPRESSION 1
| #define SW_HAVE_BROTLI 1
| #define SW_SOCKETS 1
| #define HAVE_SOCKETS 1
| #define HAVE_CPU_AFFINITY 1
| #define HAVE_REUSEPORT 1
| #define HAVE_FUTEX 1
| #define HAVE_UCONTEXT 1
| #define HAVE_VALGRIND 1
| /* end confdefs.h.  */
| #include <ac_nonexistent.h>
configure:7385: checking for ANSI C header files
configure:7405: g++ -c  -g -O0  conftest.cpp >&5
configure:7405: $? = 0
configure:7478: g++ -o conftest  -g -O0   conftest.cpp  >&5
configure:7478: $? = 0
configure:7478: ./conftest
configure:7478: $? = 0
configure:7489: result: yes
configure:7502: checking for sys/types.h
configure:7502: g++ -c  -g -O0  conftest.cpp >&5
configure:7502: $? = 0
configure:7502: result: yes
configure:7502: checking for sys/stat.h
configure:7502: g++ -c  -g -O0  conftest.cpp >&5
configure:7502: $? = 0
configure:7502: result: yes
configure:7502: checking for stdlib.h
configure:7502: g++ -c  -g -O0  conftest.cpp >&5
configure:7502: $? = 0
configure:7502: result: yes
configure:7502: checking for string.h
configure:7502: g++ -c  -g -O0  conftest.cpp >&5
configure:7502: $? = 0
configure:7502: result: yes
configure:7502: checking for memory.h
configure:7502: g++ -c  -g -O0  conftest.cpp >&5
configure:7502: $? = 0
configure:7502: result: yes
configure:7502: checking for strings.h
configure:7502: g++ -c  -g -O0  conftest.cpp >&5
configure:7502: $? = 0
configure:7502: result: yes
configure:7502: checking for inttypes.h
configure:7502: g++ -c  -g -O0  conftest.cpp >&5
configure:7502: $? = 0
configure:7502: result: yes
configure:7502: checking for stdint.h
configure:7502: g++ -c  -g -O0  conftest.cpp >&5
configure:7502: $? = 0
configure:7502: result: yes
configure:7502: checking for unistd.h
configure:7502: g++ -c  -g -O0  conftest.cpp >&5
configure:7502: $? = 0
configure:7502: result: yes
configure:7515: checking for struct cmsghdr
configure:7534: g++ -c  -g -O0  conftest.cpp >&5
configure:7534: $? = 0
configure:7542: result: yes
configure:7554: checking for hstrerror
configure:7554: g++ -o conftest  -g -O0   conftest.cpp  >&5
configure:7554: $? = 0
configure:7554: result: yes
configure:7554: checking for socketpair
configure:7554: g++ -o conftest  -g -O0   conftest.cpp  >&5
configure:7554: $? = 0
configure:7554: result: yes
configure:7554: checking for if_nametoindex
configure:7554: g++ -o conftest  -g -O0   conftest.cpp  >&5
configure:7554: $? = 0
configure:7554: result: yes
configure:7554: checking for if_indextoname
configure:7554: g++ -o conftest  -g -O0   conftest.cpp  >&5
configure:7554: $? = 0
configure:7554: result: yes
configure:7566: checking netdb.h usability
configure:7566: g++ -c  -g -O0  conftest.cpp >&5
configure:7566: $? = 0
configure:7566: result: yes
configure:7566: checking netdb.h presence
configure:7566: g++ -E  conftest.cpp
configure:7566: $? = 0
configure:7566: result: yes
configure:7566: checking for netdb.h
configure:7566: result: yes
configure:7566: checking netinet/tcp.h usability
configure:7566: g++ -c  -g -O0  conftest.cpp >&5
configure:7566: $? = 0
configure:7566: result: yes
configure:7566: checking netinet/tcp.h presence
configure:7566: g++ -E  conftest.cpp
configure:7566: $? = 0
configure:7566: result: yes
configure:7566: checking for netinet/tcp.h
configure:7566: result: yes
configure:7566: checking sys/un.h usability
configure:7566: g++ -c  -g -O0  conftest.cpp >&5
configure:7566: $? = 0
configure:7566: result: yes
configure:7566: checking sys/un.h presence
configure:7566: g++ -E  conftest.cpp
configure:7566: $? = 0
configure:7566: result: yes
configure:7566: checking for sys/un.h
configure:7566: result: yes
configure:7566: checking sys/sockio.h usability
configure:7566: g++ -c  -g -O0  conftest.cpp >&5
conftest.cpp:93:10: fatal error: sys/sockio.h: No such file or directory
 #include <sys/sockio.h>
          ^~~~~~~~~~~~~~
compilation terminated.
configure:7566: $? = 1
configure: failed program was:
| /* confdefs.h */
| #define PACKAGE_NAME ""
| #define PACKAGE_TARNAME ""
| #define PACKAGE_VERSION ""
| #define PACKAGE_STRING ""
| #define PACKAGE_BUGREPORT ""
| #define PACKAGE_URL ""
| #define HAVE_ACCEPT4 1
| #define HAVE_SIGNALFD 1
| #define HAVE_EVENTFD 1
| #define HAVE_EPOLL 1
| #define HAVE_POLL 1
| #define HAVE_SENDFILE 1
| #define HAVE_EXECINFO 1
| #define HAVE_DAEMON 1
| #define HAVE_MKOSTEMP 1
| #define HAVE_INOTIFY 1
| #define HAVE_MALLOC_TRIM 1
| #define HAVE_INOTIFY_INIT1 1
| #define HAVE_GETHOSTBYNAME2_R 1
| #define HAVE_PTRACE 1
| #define HAVE_GETRANDOM 1
| #define HAVE_RWLOCK 1
| #define HAVE_SPINLOCK 1
| #define HAVE_MUTEX_TIMEDLOCK 1
| #define HAVE_PTHREAD_BARRIER 1
| #define HAVE_PTHREAD_MUTEXATTR_SETROBUST 1
| #define HAVE_PTHREAD_MUTEX_CONSISTENT 1
| #define HAVE_PCRE 1
| #define SW_HAVE_COMPRESSION 1
| #define SW_HAVE_ZLIB 1
| #define SW_HAVE_COMPRESSION 1
| #define SW_HAVE_BROTLI 1
| #define SW_SOCKETS 1
| #define HAVE_SOCKETS 1
| #define HAVE_CPU_AFFINITY 1
| #define HAVE_REUSEPORT 1
| #define HAVE_FUTEX 1
| #define HAVE_UCONTEXT 1
| #define HAVE_VALGRIND 1
| #define STDC_HEADERS 1
| #define HAVE_SYS_TYPES_H 1
| #define HAVE_SYS_STAT_H 1
| #define HAVE_STDLIB_H 1
| #define HAVE_STRING_H 1
| #define HAVE_MEMORY_H 1
| #define HAVE_STRINGS_H 1
| #define HAVE_INTTYPES_H 1
| #define HAVE_STDINT_H 1
| #define HAVE_UNISTD_H 1
| #define HAVE_CMSGHDR 1
| #define HAVE_HSTRERROR 1
| #define HAVE_SOCKETPAIR 1
| #define HAVE_IF_NAMETOINDEX 1
| #define HAVE_IF_INDEXTONAME 1
| #define HAVE_NETDB_H 1
| #define HAVE_NETINET_TCP_H 1
| #define HAVE_SYS_UN_H 1
| /* end confdefs.h.  */
| #include <stdio.h>
| #ifdef HAVE_SYS_TYPES_H
| # include <sys/types.h>
| #endif
| #ifdef HAVE_SYS_STAT_H
| # include <sys/stat.h>
| #endif
| #ifdef STDC_HEADERS
| # include <stdlib.h>
| # include <stddef.h>
| #else
| # ifdef HAVE_STDLIB_H
| #  include <stdlib.h>
| # endif
| #endif
| #ifdef HAVE_STRING_H
| # if !defined STDC_HEADERS && defined HAVE_MEMORY_H
| #  include <memory.h>
| # endif
| # include <string.h>
| #endif
| #ifdef HAVE_STRINGS_H
| # include <strings.h>
| #endif
| #ifdef HAVE_INTTYPES_H
| # include <inttypes.h>
| #endif
| #ifdef HAVE_STDINT_H
| # include <stdint.h>
| #endif
| #ifdef HAVE_UNISTD_H
| # include <unistd.h>
| #endif
| #include <sys/sockio.h>
configure:7566: result: no
configure:7566: checking sys/sockio.h presence
configure:7566: g++ -E  conftest.cpp
conftest.cpp:60:10: fatal error: sys/sockio.h: No such file or directory
 #include <sys/sockio.h>
          ^~~~~~~~~~~~~~
compilation terminated.
configure:7566: $? = 1
configure: failed program was:
| /* confdefs.h */
| #define PACKAGE_NAME ""
| #define PACKAGE_TARNAME ""
| #define PACKAGE_VERSION ""
| #define PACKAGE_STRING ""
| #define PACKAGE_BUGREPORT ""
| #define PACKAGE_URL ""
| #define HAVE_ACCEPT4 1
| #define HAVE_SIGNALFD 1
| #define HAVE_EVENTFD 1
| #define HAVE_EPOLL 1
| #define HAVE_POLL 1
| #define HAVE_SENDFILE 1
| #define HAVE_EXECINFO 1
| #define HAVE_DAEMON 1
| #define HAVE_MKOSTEMP 1
| #define HAVE_INOTIFY 1
| #define HAVE_MALLOC_TRIM 1
| #define HAVE_INOTIFY_INIT1 1
| #define HAVE_GETHOSTBYNAME2_R 1
| #define HAVE_PTRACE 1
| #define HAVE_GETRANDOM 1
| #define HAVE_RWLOCK 1
| #define HAVE_SPINLOCK 1
| #define HAVE_MUTEX_TIMEDLOCK 1
| #define HAVE_PTHREAD_BARRIER 1
| #define HAVE_PTHREAD_MUTEXATTR_SETROBUST 1
| #define HAVE_PTHREAD_MUTEX_CONSISTENT 1
| #define HAVE_PCRE 1
| #define SW_HAVE_COMPRESSION 1
| #define SW_HAVE_ZLIB 1
| #define SW_HAVE_COMPRESSION 1
| #define SW_HAVE_BROTLI 1
| #define SW_SOCKETS 1
| #define HAVE_SOCKETS 1
| #define HAVE_CPU_AFFINITY 1
| #define HAVE_REUSEPORT 1
| #define HAVE_FUTEX 1
| #define HAVE_UCONTEXT 1
| #define HAVE_VALGRIND 1
| #define STDC_HEADERS 1
| #define HAVE_SYS_TYPES_H 1
| #define HAVE_SYS_STAT_H 1
| #define HAVE_STDLIB_H 1
| #define HAVE_STRING_H 1
| #define HAVE_MEMORY_H 1
| #define HAVE_STRINGS_H 1
| #define HAVE_INTTYPES_H 1
| #define HAVE_STDINT_H 1
| #define HAVE_UNISTD_H 1
| #define HAVE_CMSGHDR 1
| #define HAVE_HSTRERROR 1
| #define HAVE_SOCKETPAIR 1
| #define HAVE_IF_NAMETOINDEX 1
| #define HAVE_IF_INDEXTONAME 1
| #define HAVE_NETDB_H 1
| #define HAVE_NETINET_TCP_H 1
| #define HAVE_SYS_UN_H 1
| /* end confdefs.h.  */
| #include <sys/sockio.h>
configure:7566: result: no
configure:7566: checking for sys/sockio.h
configure:7566: result: no
configure:7580: checking for field ss_family in struct sockaddr_storage
configure:7601: g++ -c  -g -O0  conftest.cpp >&5
configure:7601: $? = 0
configure:7609: result: yes
configure:7618: checking if getaddrinfo supports AI_V4MAPPED
configure:7637: g++ -c  -g -O0  conftest.cpp >&5
configure:7637: $? = 0
configure:7645: result: yes
configure:7654: checking if getaddrinfo supports AI_ALL
configure:7673: g++ -c  -g -O0  conftest.cpp >&5
configure:7673: $? = 0
configure:7681: result: yes
configure:7690: checking if getaddrinfo supports AI_IDN
configure:7709: g++ -c  -g -O0  conftest.cpp >&5
configure:7709: $? = 0
configure:7717: result: yes
configure:7788: checking for clock_gettime in -lrt
configure:7813: g++ -o conftest  -g -O0   -lpthread conftest.cpp -lrt   >&5
configure:7813: $? = 0
configure:7822: result: yes
configure:7944: checking for SSL_connect in -lssl
configure:7969: g++ -o conftest  -g -O0   -lpthread -z now conftest.cpp -lssl   >&5
configure:7969: $? = 0
configure:7978: result: yes
configure:8761: checking swoole coverage
configure:8774: result: disabled
configure:8913: checking for C++ compiler version
configure:8922: g++ --version >&5
g++ (Ubuntu 7.5.0-3ubuntu1~18.04) 7.5.0
Copyright (C) 2017 Free Software Foundation, Inc.
This is free software; see the source for copying conditions.  There is NO
warranty; not even for MERCHANTABILITY or FITNESS FOR A PARTICULAR PURPOSE.

configure:8933: $? = 0
configure:8922: g++ -v >&5
Using built-in specs.
COLLECT_GCC=g++
COLLECT_LTO_WRAPPER=/usr/lib/gcc/x86_64-linux-gnu/7/lto-wrapper
OFFLOAD_TARGET_NAMES=nvptx-none
OFFLOAD_TARGET_DEFAULT=1
Target: x86_64-linux-gnu
Configured with: ../src/configure -v --with-pkgversion='Ubuntu 7.5.0-3ubuntu1~18.04' --with-bugurl=file:///usr/share/doc/gcc-7/README.Bugs --enable-languages=c,ada,c++,go,brig,d,fortran,objc,obj-c++ --prefix=/usr --with-gcc-major-version-only --program-suffix=-7 --program-prefix=x86_64-linux-gnu- --enable-shared --enable-linker-build-id --libexecdir=/usr/lib --without-included-gettext --enable-threads=posix --libdir=/usr/lib --enable-nls --enable-bootstrap --enable-clocale=gnu --enable-libstdcxx-debug --enable-libstdcxx-time=yes --with-default-libstdcxx-abi=new --enable-gnu-unique-object --disable-vtable-verify --enable-libmpx --enable-plugin --enable-default-pie --with-system-zlib --with-target-system-zlib --enable-objc-gc=auto --enable-multiarch --disable-werror --with-arch-32=i686 --with-abi=m64 --with-multilib-list=m32,m64,mx32 --enable-multilib --with-tune=generic --enable-offload-targets=nvptx-none --without-cuda-driver --enable-checking=release --build=x86_64-linux-gnu --host=x86_64-linux-gnu --target=x86_64-linux-gnu
Thread model: posix
gcc version 7.5.0 (Ubuntu 7.5.0-3ubuntu1~18.04) 
configure:8933: $? = 0
configure:8922: g++ -V >&5
g++: error: unrecognized command line option '-V'
g++: fatal error: no input files
compilation terminated.
configure:8933: $? = 1
configure:8922: g++ -qversion >&5
g++: error: unrecognized command line option '-qversion'; did you mean '--version'?
g++: fatal error: no input files
compilation terminated.
configure:8933: $? = 1
configure:8937: checking whether we are using the GNU C++ compiler
configure:8965: result: yes
configure:8974: checking whether g++ accepts -g
configure:9035: result: yes
configure:9063: checking how to run the C++ preprocessor
configure:9129: result: g++ -E
configure:9149: g++ -E  conftest.cpp
configure:9149: $? = 0
configure:9163: g++ -E  conftest.cpp
conftest.cpp:72:10: fatal error: ac_nonexistent.h: No such file or directory
 #include <ac_nonexistent.h>
          ^~~~~~~~~~~~~~~~~~
compilation terminated.
configure:9163: $? = 1
configure: failed program was:
| /* confdefs.h */
| #define PACKAGE_NAME ""
| #define PACKAGE_TARNAME ""
| #define PACKAGE_VERSION ""
| #define PACKAGE_STRING ""
| #define PACKAGE_BUGREPORT ""
| #define PACKAGE_URL ""
| #define HAVE_ACCEPT4 1
| #define HAVE_SIGNALFD 1
| #define HAVE_EVENTFD 1
| #define HAVE_EPOLL 1
| #define HAVE_POLL 1
| #define HAVE_SENDFILE 1
| #define HAVE_EXECINFO 1
| #define HAVE_DAEMON 1
| #define HAVE_MKOSTEMP 1
| #define HAVE_INOTIFY 1
| #define HAVE_MALLOC_TRIM 1
| #define HAVE_INOTIFY_INIT1 1
| #define HAVE_GETHOSTBYNAME2_R 1
| #define HAVE_PTRACE 1
| #define HAVE_GETRANDOM 1
| #define HAVE_RWLOCK 1
| #define HAVE_SPINLOCK 1
| #define HAVE_MUTEX_TIMEDLOCK 1
| #define HAVE_PTHREAD_BARRIER 1
| #define HAVE_PTHREAD_MUTEXATTR_SETROBUST 1
| #define HAVE_PTHREAD_MUTEX_CONSISTENT 1
| #define HAVE_PCRE 1
| #define SW_HAVE_COMPRESSION 1
| #define SW_HAVE_ZLIB 1
| #define SW_HAVE_COMPRESSION 1
| #define SW_HAVE_BROTLI 1
| #define SW_SOCKETS 1
| #define HAVE_SOCKETS 1
| #define HAVE_CPU_AFFINITY 1
| #define HAVE_REUSEPORT 1
| #define HAVE_FUTEX 1
| #define HAVE_UCONTEXT 1
| #define HAVE_VALGRIND 1
| #define STDC_HEADERS 1
| #define HAVE_SYS_TYPES_H 1
| #define HAVE_SYS_STAT_H 1
| #define HAVE_STDLIB_H 1
| #define HAVE_STRING_H 1
| #define HAVE_MEMORY_H 1
| #define HAVE_STRINGS_H 1
| #define HAVE_INTTYPES_H 1
| #define HAVE_STDINT_H 1
| #define HAVE_UNISTD_H 1
| #define HAVE_CMSGHDR 1
| #define HAVE_HSTRERROR 1
| #define HAVE_SOCKETPAIR 1
| #define HAVE_IF_NAMETOINDEX 1
| #define HAVE_IF_INDEXTONAME 1
| #define HAVE_NETDB_H 1
| #define HAVE_NETINET_TCP_H 1
| #define HAVE_SYS_UN_H 1
| #define HAVE_SOCKETS 1
| #define HAVE_SA_SS_FAMILY 1
| #define HAVE_AI_V4MAPPED 1
| #define HAVE_AI_ALL 1
| #define HAVE_AI_IDN 1
| #define HAVE_CLOCK_GETTIME 1
| #define HAVE_OPENSSL 1
| #define SW_USE_OPENSSL 1
| #define SW_USE_HTTP2 1
| #define SW_USE_MYSQLND 1
| #define SW_USE_ASM_CONTEXT 1
| #define COMPILE_DL_SWOOLE 1
| /* end confdefs.h.  */
| #include <ac_nonexistent.h>
configure:9377: checking for a sed that does not truncate output
configure:9431: result: /bin/sed
configure:9445: checking for ld used by cc
configure:9512: result: /usr/bin/ld
configure:9519: checking if the linker (/usr/bin/ld) is GNU ld
configure:9534: result: yes
configure:9539: checking for /usr/bin/ld option to reload object files
configure:9546: result: -r
configure:9564: checking for BSD-compatible nm
configure:9613: result: /usr/bin/nm -B
configure:9617: checking whether ln -s works
configure:9621: result: yes
configure:9628: checking how to recognize dependent libraries
configure:9814: result: pass_all
configure:9899: g++ -c  -g -O0 -Wall -Wno-unused-function -Wno-deprecated -Wno-deprecated-declarations -std=c++11  conftest.cpp >&5
configure:9902: $? = 0
configure:10034: checking dlfcn.h usability
configure:10034: g++ -c  -g -O0 -Wall -Wno-unused-function -Wno-deprecated -Wno-deprecated-declarations -std=c++11  conftest.cpp >&5
configure:10034: $? = 0
configure:10034: result: yes
configure:10034: checking dlfcn.h presence
configure:10034: g++ -E  conftest.cpp
configure:10034: $? = 0
configure:10034: result: yes
configure:10034: checking for dlfcn.h
configure:10034: result: yes
configure:10054: checking how to run the C++ preprocessor
configure:10120: result: g++ -E
configure:10140: g++ -E  conftest.cpp
configure:10140: $? = 0
configure:10154: g++ -E  conftest.cpp
conftest.cpp:73:10: fatal error: ac_nonexistent.h: No such file or directory
 #include <ac_nonexistent.h>
          ^~~~~~~~~~~~~~~~~~
compilation terminated.
configure:10154: $? = 1
configure: failed program was:
| /* confdefs.h */
| #define PACKAGE_NAME ""
| #define PACKAGE_TARNAME ""
| #define PACKAGE_VERSION ""
| #define PACKAGE_STRING ""
| #define PACKAGE_BUGREPORT ""
| #define PACKAGE_URL ""
| #define HAVE_ACCEPT4 1
| #define HAVE_SIGNALFD 1
| #define HAVE_EVENTFD 1
| #define HAVE_EPOLL 1
| #define HAVE_POLL 1
| #define HAVE_SENDFILE 1
| #define HAVE_EXECINFO 1
| #define HAVE_DAEMON 1
| #define HAVE_MKOSTEMP 1
| #define HAVE_INOTIFY 1
| #define HAVE_MALLOC_TRIM 1
| #define HAVE_INOTIFY_INIT1 1
| #define HAVE_GETHOSTBYNAME2_R 1
| #define HAVE_PTRACE 1
| #define HAVE_GETRANDOM 1
| #define HAVE_RWLOCK 1
| #define HAVE_SPINLOCK 1
| #define HAVE_MUTEX_TIMEDLOCK 1
| #define HAVE_PTHREAD_BARRIER 1
| #define HAVE_PTHREAD_MUTEXATTR_SETROBUST 1
| #define HAVE_PTHREAD_MUTEX_CONSISTENT 1
| #define HAVE_PCRE 1
| #define SW_HAVE_COMPRESSION 1
| #define SW_HAVE_ZLIB 1
| #define SW_HAVE_COMPRESSION 1
| #define SW_HAVE_BROTLI 1
| #define SW_SOCKETS 1
| #define HAVE_SOCKETS 1
| #define HAVE_CPU_AFFINITY 1
| #define HAVE_REUSEPORT 1
| #define HAVE_FUTEX 1
| #define HAVE_UCONTEXT 1
| #define HAVE_VALGRIND 1
| #define STDC_HEADERS 1
| #define HAVE_SYS_TYPES_H 1
| #define HAVE_SYS_STAT_H 1
| #define HAVE_STDLIB_H 1
| #define HAVE_STRING_H 1
| #define HAVE_MEMORY_H 1
| #define HAVE_STRINGS_H 1
| #define HAVE_INTTYPES_H 1
| #define HAVE_STDINT_H 1
| #define HAVE_UNISTD_H 1
| #define HAVE_CMSGHDR 1
| #define HAVE_HSTRERROR 1
| #define HAVE_SOCKETPAIR 1
| #define HAVE_IF_NAMETOINDEX 1
| #define HAVE_IF_INDEXTONAME 1
| #define HAVE_NETDB_H 1
| #define HAVE_NETINET_TCP_H 1
| #define HAVE_SYS_UN_H 1
| #define HAVE_SOCKETS 1
| #define HAVE_SA_SS_FAMILY 1
| #define HAVE_AI_V4MAPPED 1
| #define HAVE_AI_ALL 1
| #define HAVE_AI_IDN 1
| #define HAVE_CLOCK_GETTIME 1
| #define HAVE_OPENSSL 1
| #define SW_USE_OPENSSL 1
| #define SW_USE_HTTP2 1
| #define SW_USE_MYSQLND 1
| #define SW_USE_ASM_CONTEXT 1
| #define COMPILE_DL_SWOOLE 1
| #define HAVE_DLFCN_H 1
| /* end confdefs.h.  */
| #include <ac_nonexistent.h>
configure:10187: checking the maximum length of command line arguments
configure:10299: result: 1572864
configure:10311: checking command to parse /usr/bin/nm -B output from cc object
configure:10416: g++ -c  -g -O0 -Wall -Wno-unused-function -Wno-deprecated -Wno-deprecated-declarations -std=c++11  conftest.cpp >&5
configure:10419: $? = 0
configure:10423: /usr/bin/nm -B conftest.o \| sed -n -e 's/^.*[ 	]\([ABCDGIRSTW][ABCDGIRSTW]*\)[ 	][ 	]*\([_A-Za-z][_A-Za-z0-9]*\)$/\1 \2 \2/p' \> conftest.nm
configure:10426: $? = 0
configure:10478: g++ -o conftest  -g -O0 -Wall -Wno-unused-function -Wno-deprecated -Wno-deprecated-declarations -std=c++11   -lpthread -z now conftest.cpp conftstm.o >&5
configure:10481: $? = 0
configure:10519: result: ok
configure:10523: checking for objdir
configure:10538: result: .libs
configure:10630: checking for ar
configure:10646: found /usr/bin/ar
configure:10657: result: ar
configure:10722: checking for ranlib
configure:10738: found /usr/bin/ranlib
configure:10749: result: ranlib
configure:10814: checking for strip
configure:10830: found /usr/bin/strip
configure:10841: result: strip
configure:11410: checking if cc supports -fno-rtti -fno-exceptions
configure:11428: cc -c -Wall -pthread -g  -O0  -fno-rtti -fno-exceptions conftest.c >&5
cc1: warning: command line option '-fno-rtti' is valid for C++/ObjC++ but not for C
configure:11432: $? = 0
configure:11445: result: no
configure:11460: checking for cc option to produce PIC
configure:11700: result: -fPIC
configure:11708: checking if cc PIC flag -fPIC works
configure:11726: cc -c -Wall -pthread -g  -O0  -fPIC -DPIC conftest.c >&5
configure:11730: $? = 0
configure:11743: result: yes
configure:11771: checking if cc static flag -static works
configure:11799: result: yes
configure:11809: checking if cc supports -c -o file.o
configure:11830: cc -c -Wall -pthread -g  -O0  -o out/conftest2.o conftest.c >&5
configure:11834: $? = 0
configure:11856: result: yes
configure:11882: checking whether the cc linker (/usr/bin/ld -m elf_x86_64) supports shared libraries
configure:12810: result: yes
configure:12831: checking whether -lc should be explicitly linked in
configure:12836: cc -c -Wall -pthread -g  -O0  conftest.c >&5
configure:12839: $? = 0
configure:12854: cc -shared conftest.o  -v -Wl,-soname -Wl,conftest -o conftest 2\>\&1 \| grep  -lc  \>/dev/null 2\>\&1
configure:12857: $? = 0
configure:12869: result: no
configure:12877: checking dynamic linker characteristics
configure:13475: result: GNU/Linux ld.so
configure:13499: checking how to hardcode library paths into programs
configure:13524: result: immediate
configure:13538: checking whether stripping libraries is possible
configure:13543: result: yes
configure:14060: checking if libtool supports shared libraries
configure:14062: result: yes
configure:14065: checking whether to build shared libraries
configure:14086: result: yes
configure:14089: checking whether to build static libraries
configure:14093: result: no
configure:14188: result:
creating libtool
configure:14779: checking for ld used by g++
configure:14846: result: /usr/bin/ld -m elf_x86_64
configure:14853: checking if the linker (/usr/bin/ld -m elf_x86_64) is GNU ld
configure:14868: result: yes
configure:14919: checking whether the g++ linker (/usr/bin/ld -m elf_x86_64) supports shared libraries
configure:15817: result: yes
configure:15838: g++ -c  -g -O0 -Wall -Wno-unused-function -Wno-deprecated -Wno-deprecated-declarations -std=c++11  conftest.cpp >&5
configure:15841: $? = 0
configure:15997: checking for g++ option to produce PIC
configure:16287: result: -fPIC
configure:16295: checking if g++ PIC flag -fPIC works
configure:16313: g++ -c  -g -O0 -Wall -Wno-unused-function -Wno-deprecated -Wno-deprecated-declarations -std=c++11  -fPIC -DPIC conftest.cpp >&5
configure:16317: $? = 0
configure:16330: result: yes
configure:16358: checking if g++ static flag -static works
configure:16386: result: yes
configure:16396: checking if g++ supports -c -o file.o
configure:16417: g++ -c  -g -O0 -Wall -Wno-unused-function -Wno-deprecated -Wno-deprecated-declarations -std=c++11  -o out/conftest2.o conftest.cpp >&5
configure:16421: $? = 0
configure:16443: result: yes
configure:16469: checking whether the g++ linker (/usr/bin/ld -m elf_x86_64) supports shared libraries
configure:16495: result: yes
configure:16562: checking dynamic linker characteristics
configure:17108: result: GNU/Linux ld.so
configure:17132: checking how to hardcode library paths into programs
configure:17157: result: immediate
configure:17884: patching config.h.in
configure:17895: creating ./config.status

## ---------------------- ##
## Running config.status. ##
## ---------------------- ##

This file was extended by config.status, which was
generated by GNU Autoconf 2.69.  Invocation command line was

  CONFIG_FILES    = 
  CONFIG_HEADERS  = 
  CONFIG_LINKS    = 
  CONFIG_COMMANDS = 
  $ ./config.status 

on htf-ThinkPad-T470p

config.status:728: creating config.h

## ---------------- ##
## Cache variables. ##
## ---------------- ##

ac_cv_build=x86_64-pc-linux-gnu
ac_cv_c_compiler_gnu=yes
ac_cv_cmsghdr=yes
ac_cv_cxx_compiler_gnu=yes
ac_cv_env_CCC_set=
ac_cv_env_CCC_value=
ac_cv_env_CC_set=
ac_cv_env_CC_value=
ac_cv_env_CFLAGS_set=
ac_cv_env_CFLAGS_value=
ac_cv_env_CPPFLAGS_set=
ac_cv_env_CPPFLAGS_value=
ac_cv_env_CPP_set=
ac_cv_env_CPP_value=
ac_cv_env_CXXCPP_set=
ac_cv_env_CXXCPP_value=
ac_cv_env_CXXFLAGS_set=
ac_cv_env_CXXFLAGS_value=
ac_cv_env_CXX_set=
ac_cv_env_CXX_value=
ac_cv_env_LDFLAGS_set=
ac_cv_env_LDFLAGS_value=
ac_cv_env_LIBS_set=
ac_cv_env_LIBS_value=
ac_cv_env_PKG_CONFIG_LIBDIR_set=
ac_cv_env_PKG_CONFIG_LIBDIR_value=
ac_cv_env_PKG_CONFIG_PATH_set=
ac_cv_env_PKG_CONFIG_PATH_value=
ac_cv_env_PKG_CONFIG_set=
ac_cv_env_PKG_CONFIG_value=
ac_cv_env_build_alias_set=
ac_cv_env_build_alias_value=
ac_cv_env_host_alias_set=
ac_cv_env_host_alias_value=
ac_cv_env_target_alias_set=
ac_cv_env_target_alias_value=
ac_cv_func_hstrerror=yes
ac_cv_func_if_indextoname=yes
ac_cv_func_if_nametoindex=yes
ac_cv_func_socketpair=yes
ac_cv_gai_ai_all=yes
ac_cv_gai_ai_idn=yes
ac_cv_gai_ai_v4mapped=yes
ac_cv_header_dlfcn_h=yes
ac_cv_header_inttypes_h=yes
ac_cv_header_memory_h=yes
ac_cv_header_netdb_h=yes
ac_cv_header_netinet_tcp_h=yes
ac_cv_header_stdc=yes
ac_cv_header_stdint_h=yes
ac_cv_header_stdlib_h=yes
ac_cv_header_string_h=yes
ac_cv_header_strings_h=yes
ac_cv_header_sys_sockio_h=no
ac_cv_header_sys_stat_h=yes
ac_cv_header_sys_types_h=yes
ac_cv_header_sys_un_h=yes
ac_cv_header_unistd_h=yes
ac_cv_host=x86_64-pc-linux-gnu
ac_cv_lib_brotlidec_BrotliDecoderCreateInstance=yes
ac_cv_lib_brotlienc_BrotliEncoderCreateInstance=yes
ac_cv_lib_c_accept4=yes
ac_cv_lib_c_backtrace=yes
ac_cv_lib_c_daemon=yes
ac_cv_lib_c_epoll_create=yes
ac_cv_lib_c_eventfd=yes
ac_cv_lib_c_gethostbyname2_r=yes
ac_cv_lib_c_getrandom=yes
ac_cv_lib_c_inotify_init1=yes
ac_cv_lib_c_inotify_init=yes
ac_cv_lib_c_kqueue=no
ac_cv_lib_c_malloc_trim=yes
ac_cv_lib_c_mkostemp=yes
ac_cv_lib_c_poll=yes
ac_cv_lib_c_ptrace=yes
ac_cv_lib_c_sendfile=yes
ac_cv_lib_c_signalfd=yes
ac_cv_lib_pcre_pcre_compile=yes
ac_cv_lib_pthread_pthread_barrier_init=yes
ac_cv_lib_pthread_pthread_mutex_consistent=yes
ac_cv_lib_pthread_pthread_mutex_timedlock=yes
ac_cv_lib_pthread_pthread_mutexattr_setrobust=yes
ac_cv_lib_pthread_pthread_rwlock_init=yes
ac_cv_lib_pthread_pthread_spin_lock=yes
ac_cv_lib_rt_clock_gettime=yes
ac_cv_lib_ssl_SSL_connect=yes
ac_cv_lib_z_gzgets=yes
ac_cv_objext=o
ac_cv_path_EGREP='/bin/grep -E'
ac_cv_path_GREP=/bin/grep
ac_cv_path_SED=/bin/sed
ac_cv_path_ac_pt_PKG_CONFIG=/usr/bin/pkg-config
ac_cv_prog_AWK=gawk
ac_cv_prog_CPP='cc -E'
ac_cv_prog_CXXCPP='g++ -E'
ac_cv_prog_ac_ct_AR=ar
ac_cv_prog_ac_ct_CC=cc
ac_cv_prog_ac_ct_CXX=g++
ac_cv_prog_ac_ct_RANLIB=ranlib
ac_cv_prog_ac_ct_STRIP=strip
ac_cv_prog_cc_c89=
ac_cv_prog_cc_g=yes
ac_cv_prog_cxx_g=yes
ac_cv_ss_family=yes
ac_cv_target=x86_64-pc-linux-gnu
lt_cv_deplibs_check_method=pass_all
lt_cv_file_magic_cmd='$MAGIC_CMD'
lt_cv_file_magic_test_file=
lt_cv_ld_reload_flag=-r
lt_cv_objdir=.libs
lt_cv_path_LD=/usr/bin/ld
lt_cv_path_LDCXX='/usr/bin/ld -m elf_x86_64'
lt_cv_path_NM='/usr/bin/nm -B'
lt_cv_path_SED=/bin/sed
lt_cv_prog_compiler_c_o=yes
lt_cv_prog_compiler_c_o_CXX=yes
lt_cv_prog_compiler_pic_works=yes
lt_cv_prog_compiler_pic_works_CXX=yes
lt_cv_prog_compiler_rtti_exceptions=no
lt_cv_prog_compiler_static_works=yes
lt_cv_prog_compiler_static_works_CXX=yes
lt_cv_prog_gnu_ld=yes
lt_cv_prog_gnu_ldcxx=yes
lt_cv_sys_global_symbol_pipe='sed -n -e '\''s/^.*[ 	]\([ABCDGIRSTW][ABCDGIRSTW]*\)[ 	][ 	]*\([_A-Za-z][_A-Za-z0-9]*\)$/\1 \2 \2/p'\'''
lt_cv_sys_global_symbol_to_c_name_address='sed -n -e '\''s/^: \([^ ]*\) $/  {\"\1\", (lt_ptr) 0},/p'\'' -e '\''s/^[BCDEGRST] \([^ ]*\) \([^ ]*\)$/  {"\2", (lt_ptr) \&\2},/p'\'''
lt_cv_sys_global_symbol_to_cdecl='sed -n -e '\''s/^. .* \(.*\)$/extern int \1;/p'\'''
lt_cv_sys_lib_dlsearch_path_spec='/lib /usr/lib /usr/lib/x86_64-linux-gnu/libfakeroot /usr/local/lib/i386-linux-gnu /lib/i386-linux-gnu /usr/lib/i386-linux-gnu /usr/local/lib/i686-linux-gnu /lib/i686-linux-gnu /usr/lib/i686-linux-gnu /usr/local/lib /home/htf/workspace/swoole/lib /home/htf/workspace/c/zlib /usr/local/lib/x86_64-linux-gnu /lib/x86_64-linux-gnu /usr/lib/x86_64-linux-gnu /lib32 /usr/lib32 /libx32 /usr/libx32 /home/htf/workspace/cpptest '
lt_cv_sys_lib_search_path_spec='/usr/lib/gcc/x86_64-linux-gnu/7 /usr/lib/x86_64-linux-gnu /usr/lib /lib/x86_64-linux-gnu /lib'
lt_cv_sys_max_cmd_len=1572864
lt_lt_cv_prog_compiler_c_o='"yes"'
lt_lt_cv_prog_compiler_c_o_CXX='"yes"'
lt_lt_cv_sys_global_symbol_pipe='"sed -n -e '\''s/^.*[ 	]\\([ABCDGIRSTW][ABCDGIRSTW]*\\)[ 	][ 	]*\\([_A-Za-z][_A-Za-z0-9]*\\)\$/\\1 \\2 \\2/p'\''"'
lt_lt_cv_sys_global_symbol_to_c_name_address='"sed -n -e '\''s/^: \\([^ ]*\\) \$/  {\\\"\\1\\\", (lt_ptr) 0},/p'\'' -e '\''s/^[BCDEGRST] \\([^ ]*\\) \\([^ ]*\\)\$/  {\"\\2\", (lt_ptr) \\&\\2},/p'\''"'
lt_lt_cv_sys_global_symbol_to_cdecl='"sed -n -e '\''s/^. .* \\(.*\\)\$/extern int \\1;/p'\''"'
php_cv_cc_dashr=no
php_cv_cc_rpath=yes

## ----------------- ##
## Output variables. ##
## ----------------- ##

AR='ar'
AWK='gawk'
CC='cc'
CFLAGS='-Wall -pthread -g  -O0'
CONFIGURE_COMMAND=' '\''./configure'\''  '\''--enable-openssl'\'' '\''--enable-sockets'\'' '\''--enable-mysqlnd'\'' '\''--enable-http2'\'''
CONFIGURE_OPTIONS=' '\''--enable-openssl'\'' '\''--enable-sockets'\'' '\''--enable-mysqlnd'\'' '\''--enable-http2'\'''
CPP='cc -E'
CPPFLAGS=' -DHAVE_CONFIG_H'
CXX='g++'
CXXCPP='g++ -E'
CXXFLAGS=' -g -O0 -Wall -Wno-unused-function -Wno-deprecated -Wno-deprecated-declarations -std=c++11'
DEFS='-DHAVE_CONFIG_H'
DSYMUTIL=''
ECHO='echo'
ECHO_C=''
ECHO_N='-n'
ECHO_T=''
EGREP='/bin/grep -E'
EXEEXT=''
GREP='/bin/grep'
LDFLAGS=' -lpthread -z now'
LIBOBJS=''
LIBS='-lstdc++ '
LIBTOOL='$(SHELL) $(top_builddir)/libtool'
LN_S='ln -s'
LTLIBOBJS=''
NMEDIT=''
OBJEXT='o'
PACKAGE_BUGREPORT=''
PACKAGE_NAME=''
PACKAGE_STRING=''
PACKAGE_TARNAME=''
PACKAGE_URL=''
PACKAGE_VERSION=''
PATH_SEPARATOR=':'
PKG_CONFIG='/usr/bin/pkg-config'
PKG_CONFIG_LIBDIR=''
PKG_CONFIG_PATH=''
RANLIB='ranlib'
SED='/bin/sed'
SHELL='/bin/bash'
SHLIB_DL_SUFFIX_NAME='so'
SHLIB_SUFFIX_NAME='so'
STRIP='strip'
ac_ct_CC='cc'
ac_ct_CXX='g++'
bindir='${exec_prefix}/bin'
build='x86_64-pc-linux-gnu'
build_alias=''
build_cpu='x86_64'
build_os='linux-gnu'
build_vendor='pc'
datadir='${datarootdir}'
datarootdir='${prefix}/share'
docdir='${datarootdir}/doc/${PACKAGE}'
dvidir='${docdir}'
exec_prefix='$(prefix)'
host='x86_64-pc-linux-gnu'
host_alias='x86_64-pc-linux-gnu'
host_cpu='x86_64'
host_os='linux-gnu'
host_vendor='pc'
htmldir='${docdir}'
includedir='${prefix}/include'
infodir='${datarootdir}/info'
libdir='${exec_prefix}/lib'
libexecdir='${exec_prefix}/libexec'
localedir='${datarootdir}/locale'
localstatedir='${prefix}/var'
mandir='${datarootdir}/man'
oldincludedir='/usr/include'
pdfdir='${docdir}'
prefix='/opt/php-7.4'
program_transform_name='s,x,x,'
psdir='${docdir}'
runstatedir='${localstatedir}/run'
sbindir='${exec_prefix}/sbin'
sharedstatedir='${prefix}/com'
sysconfdir='${prefix}/etc'
target='x86_64-pc-linux-gnu'
target_alias=''
target_cpu='x86_64'
target_os='linux-gnu'
target_vendor='pc'

## ----------- ##
## confdefs.h. ##
## ----------- ##

/* confdefs.h */
#define PACKAGE_NAME ""
#define PACKAGE_TARNAME ""
#define PACKAGE_VERSION ""
#define PACKAGE_STRING ""
#define PACKAGE_BUGREPORT ""
#define PACKAGE_URL ""
#define HAVE_ACCEPT4 1
#define HAVE_SIGNALFD 1
#define HAVE_EVENTFD 1
#define HAVE_EPOLL 1
#define HAVE_POLL 1
#define HAVE_SENDFILE 1
#define HAVE_EXECINFO 1
#define HAVE_DAEMON 1
#define HAVE_MKOSTEMP 1
#define HAVE_INOTIFY 1
#define HAVE_MALLOC_TRIM 1
#define HAVE_INOTIFY_INIT1 1
#define HAVE_GETHOSTBYNAME2_R 1
#define HAVE_PTRACE 1
#define HAVE_GETRANDOM 1
#define HAVE_RWLOCK 1
#define HAVE_SPINLOCK 1
#define HAVE_MUTEX_TIMEDLOCK 1
#define HAVE_PTHREAD_BARRIER 1
#define HAVE_PTHREAD_MUTEXATTR_SETROBUST 1
#define HAVE_PTHREAD_MUTEX_CONSISTENT 1
#define HAVE_PCRE 1
#define SW_HAVE_COMPRESSION 1
#define SW_HAVE_ZLIB 1
#define SW_HAVE_COMPRESSION 1
#define SW_HAVE_BROTLI 1
#define SW_SOCKETS 1
#define HAVE_SOCKETS 1
#define HAVE_CPU_AFFINITY 1
#define HAVE_REUSEPORT 1
#define HAVE_FUTEX 1
#define HAVE_UCONTEXT 1
#define HAVE_VALGRIND 1
#define STDC_HEADERS 1
#define HAVE_SYS_TYPES_H 1
#define HAVE_SYS_STAT_H 1
#define HAVE_STDLIB_H 1
#define HAVE_STRING_H 1
#define HAVE_MEMORY_H 1
#define HAVE_STRINGS_H 1
#define HAVE_INTTYPES_H 1
#define HAVE_STDINT_H 1
#define HAVE_UNISTD_H 1
#define HAVE_CMSGHDR 1
#define HAVE_HSTRERROR 1
#define HAVE_SOCKETPAIR 1
#define HAVE_IF_NAMETOINDEX 1
#define HAVE_IF_INDEXTONAME 1
#define HAVE_NETDB_H 1
#define HAVE_NETINET_TCP_H 1
#define HAVE_SYS_UN_H 1
#define HAVE_SOCKETS 1
#define HAVE_SA_SS_FAMILY 1
#define HAVE_AI_V4MAPPED 1
#define HAVE_AI_ALL 1
#define HAVE_AI_IDN 1
#define HAVE_CLOCK_GETTIME 1
#define HAVE_OPENSSL 1
#define SW_USE_OPENSSL 1
#define SW_USE_HTTP2 1
#define SW_USE_MYSQLND 1
#define SW_USE_ASM_CONTEXT 1
#define COMPILE_DL_SWOOLE 1
#define HAVE_DLFCN_H 1

configure: exit 0
